<?xml version="1.0" encoding="UTF-8"?>
<!-- Generated by org.testng.reporters.JUnitReportReporter -->
<testsuite hostname="Sanjaypc" failures="0" tests="1" name="Databasetesting.Databasetesting.DataTesting" time="32.870" errors="0" timestamp="2025-01-30T19:45:42 IST" skipped="0">
  <testcase classname="Databasetesting.Databasetesting.DataTesting" name="datatesting" time="32.870"/>
  <system-out/>
</testsuite> <!-- Databasetesting.Databasetesting.DataTesting -->
