<?xml version="1.0" encoding="UTF-8"?>
<!-- Generated by org.testng.reporters.JUnitReportReporter -->
<testsuite hostname="Sanjaypc" failures="0" tests="3" name="Databasetesting.Databasetesting.Datadriventesting" time="45.032" errors="0" timestamp="2025-01-29T18:37:48 IST" skipped="0">
  <testcase classname="Databasetesting.Databasetesting.Datadriventesting" name="retesting" time="10.085"/>
  <system-out/>
  <testcase classname="Databasetesting.Databasetesting.Datadriventesting" name="retesting" time="14.235"/>
  <system-out/>
  <testcase classname="Databasetesting.Databasetesting.Datadriventesting" name="retesting" time="20.712"/>
  <system-out/>
</testsuite> <!-- Databasetesting.Databasetesting.Datadriventesting -->
