<?xml version="1.0" encoding="UTF-8"?>
<!-- Generated by org.testng.reporters.JUnitReportReporter -->
<testsuite hostname="Sanjaypc" failures="0" tests="3" name="Databasetesting.Databasetesting.Datadriventesting" time="69.867" errors="0" timestamp="2025-01-30T19:45:42 IST" skipped="0">
  <testcase classname="Databasetesting.Databasetesting.Datadriventesting" name="retesting" time="19.555"/>
  <system-out/>
  <testcase classname="Databasetesting.Databasetesting.Datadriventesting" name="retesting" time="34.313"/>
  <system-out/>
  <testcase classname="Databasetesting.Databasetesting.Datadriventesting" name="retesting" time="15.999"/>
  <system-out/>
</testsuite> <!-- Databasetesting.Databasetesting.Datadriventesting -->
