<?xml version="1.0" encoding="UTF-8"?>
<!-- Generated by org.testng.reporters.JUnitReportReporter -->
<testsuite hostname="Sanjaypc" failures="0" tests="3" name="Databasetesting.Databasetesting.Datadriventesting" time="30.979" errors="0" timestamp="2025-01-31T14:40:54 IST" skipped="0">
  <testcase classname="Databasetesting.Databasetesting.Datadriventesting" name="retesting" time="8.618"/>
  <system-out/>
  <testcase classname="Databasetesting.Databasetesting.Datadriventesting" name="retesting" time="9.443"/>
  <system-out/>
  <testcase classname="Databasetesting.Databasetesting.Datadriventesting" name="retesting" time="12.918"/>
  <system-out/>
</testsuite> <!-- Databasetesting.Databasetesting.Datadriventesting -->
