<?xml version="1.0" encoding="UTF-8"?>
<!-- Generated by org.testng.reporters.JUnitReportReporter -->
<testsuite hostname="Sanjaypc" failures="0" tests="1" name="Databasetesting.Databasetesting.DataTesting" time="8.742" errors="0" timestamp="2025-01-31T14:40:54 IST" skipped="0">
  <testcase classname="Databasetesting.Databasetesting.DataTesting" name="datatesting" time="8.742"/>
  <system-out/>
</testsuite> <!-- Databasetesting.Databasetesting.DataTesting -->
